[09:22:23] [main/INFO]: Setting user: Player132
[09:22:25] [Client thread/INFO]: LWJGL Version: 2.9.1
[09:22:26] [Client thread/ERROR]: Couldn't initialize twitch stream
[09:22:35] [Client thread/INFO]: Reloading ResourceManager: Default, FMLFileResourcePack:Forge Mod Loader, FMLFileResourcePack:Minecraft Forge, FMLFileResourcePack:examplemod, FMLFileResourcePack:Link Pick
[09:22:36] [Sound Library Loader/INFO]: Sound engine started
[09:22:37] [Client thread/INFO]: Created: 16x16 textures/blocks-atlas
[09:22:37] [Client thread/INFO]: Created: 16x16 textures/items-atlas
[09:22:37] [Client thread/INFO]: Reloading ResourceManager: Default, FMLFileResourcePack:Forge Mod Loader, FMLFileResourcePack:Minecraft Forge, FMLFileResourcePack:examplemod, FMLFileResourcePack:Link Pick
[09:22:38] [Client thread/INFO]: Created: 512x256 textures/blocks-atlas
[09:22:38] [Client thread/INFO]: Created: 256x256 textures/items-atlas
[09:22:38] [Sound Library Loader/INFO]: Sound engine started
[09:23:03] [Server thread/INFO]: Starting integrated minecraft server version 1.7.10
[09:23:03] [Server thread/INFO]: Generating keypair
[09:23:03] [Server thread/INFO]: Preparing start region for level 0
[09:23:04] [Server thread/INFO]: Changing view distance to 12, from 10
[09:23:05] [Server thread/INFO]: Player132[local:E:4c0034c6] logged in with entity id 499 at (-199.46751859161878, 78.38125907877121, 194.6980006973188)
[09:23:05] [Server thread/INFO]: Player132 加入了游戏
[09:23:07] [Server thread/INFO]: Saving and pausing game...
[09:23:07] [Server thread/INFO]: Saving chunks for level 'modsTestWorld'/Overworld
[09:23:08] [Server thread/INFO]: Saving chunks for level 'modsTestWorld'/Nether
[09:23:08] [Server thread/INFO]: Saving chunks for level 'modsTestWorld'/The End
[09:23:08] [Server thread/INFO]: Stopping server
[09:23:08] [Server thread/INFO]: Saving players
[09:23:08] [Server thread/INFO]: Saving worlds
[09:23:08] [Server thread/INFO]: Saving chunks for level 'modsTestWorld'/Overworld
[09:23:08] [Server thread/INFO]: Saving chunks for level 'modsTestWorld'/Nether
[09:23:08] [Server thread/INFO]: Saving chunks for level 'modsTestWorld'/The End
[09:23:16] [Client thread/INFO]: Stopping!
